<?xml version="1.0" encoding="UTF-8"?>
<!-- Generated by org.testng.reporters.JUnitReportReporter -->
<testsuite hostname="U2-DPE-CPB-0111" name="com.dss.test.isologin.Execution" tests="1" failures="0" timestamp="2 Feb 2017 07:04:39 GMT" time="105.422" errors="0">
  <testcase name="test1" time="105.422" classname="com.dss.test.isologin.Execution"/>
</testsuite> <!-- com.dss.test.isologin.Execution -->
