<?xml version="1.0" encoding="UTF-8"?>
<!-- Generated by org.testng.reporters.JUnitReportReporter -->
<testsuite hostname="U2-DPE-CPB-0111" name="com.dss.test.isologin.Execution" tests="2" failures="0" timestamp="15 Feb 2017 15:10:45 GMT" time="184.654" errors="0">
  <testcase name="isISOLoginSuccessfull" time="100.327" classname="com.dss.test.isologin.Execution"/>
  <testcase name="isISOLoginSuccessfull" time="84.327" classname="com.dss.test.isologin.Execution"/>
</testsuite> <!-- com.dss.test.isologin.Execution -->
