<?xml version="1.0" encoding="UTF-8"?>
<!-- Generated by org.testng.reporters.JUnitReportReporter -->
<testsuite hostname="U2-DPE-CPB-0111" name="com.dss.test.isologin.Execution" tests="1" failures="0" timestamp="6 Feb 2017 14:12:33 GMT" time="30.048" errors="0">
  <testcase name="isISOLoginSuccessfull" time="30.048" classname="com.dss.test.isologin.Execution"/>
</testsuite> <!-- com.dss.test.isologin.Execution -->
