<?xml version="1.0" encoding="UTF-8"?>
<!-- Generated by org.testng.reporters.JUnitReportReporter -->
<testsuite hostname="U2-DPE-CPB-0111" name="com.dss.test.isologin.Execution" tests="1" failures="0" timestamp="3 Feb 2017 11:55:01 GMT" time="28.961" errors="0">
  <testcase name="isISOLoginSuccessfull" time="28.961" classname="com.dss.test.isologin.Execution"/>
</testsuite> <!-- com.dss.test.isologin.Execution -->
