<?xml version="1.0" encoding="UTF-8"?>
<!-- Generated by org.testng.reporters.JUnitReportReporter -->
<testsuite hostname="U2-DPE-CPB-0111" name="com.dss.test.isologin.Execution" tests="1" failures="0" timestamp="2 Feb 2017 15:05:53 GMT" time="106.432" errors="0">
  <testcase name="test1" time="106.432" classname="com.dss.test.isologin.Execution"/>
</testsuite> <!-- com.dss.test.isologin.Execution -->
